<?xml version="1.0" encoding="UTF-8"?>
<!-- Generated by org.testng.reporters.JUnitReportReporter -->
<testsuite hostname="DESKTOP-JFB3BKU" failures="0" tests="3" name="Test.Validate_Service_Links" time="6.893" errors="0" timestamp="2025-01-25T22:34:50 IST" skipped="0">
  <testcase classname="Test.Validate_Service_Links" name="TestURL" time="1.605"/>
  <testcase classname="Test.Validate_Service_Links" name="Validating_CommunityEducation_Link" time="2.905"/>
  <testcase classname="Test.Validate_Service_Links" name="Validating_ContinuingEducation_Link" time="2.383"/>
</testsuite> <!-- Test.Validate_Service_Links -->
