<?xml version="1.0" encoding="UTF-8"?>
<!-- Generated by org.testng.reporters.JUnitReportReporter -->
<testsuite hostname="DESKTOP-JFB3BKU" failures="0" tests="7" name="Test.ValidatePostTitles" time="22.109" errors="0" timestamp="2025-01-24T10:22:08 IST" skipped="0">
  <testcase classname="Test.ValidatePostTitles" name="TestURL" time="7.076"/>
  <testcase classname="Test.ValidatePostTitles" name="Validating_Board_Of_Directors_Link" time="2.481"/>
  <testcase classname="Test.ValidatePostTitles" name="Validate_Post_Titles" time="0.129"/>
  <testcase classname="Test.ValidatePostTitles" name="Validating_Staff_Link" time="2.530"/>
  <testcase classname="Test.ValidatePostTitles" name="Validating_Partners_Link" time="2.373"/>
  <testcase classname="Test.ValidatePostTitles" name="Validating_Work_With_US_Link" time="2.584"/>
  <testcase classname="Test.ValidatePostTitles" name="Validating_History_Of_AHEC_Link" time="4.936"/>
</testsuite> <!-- Test.ValidatePostTitles -->
