<?xml version="1.0" encoding="UTF-8"?>
<!-- Generated by org.testng.reporters.JUnitReportReporter -->
<testsuite hostname="DESKTOP-JFB3BKU" failures="0" tests="2" name="Test.Validate_ContactUs_Link" time="4.236" errors="0" timestamp="2025-01-25T22:34:50 IST" skipped="0">
  <testcase classname="Test.Validate_ContactUs_Link" name="TestURL" time="1.941"/>
  <testcase classname="Test.Validate_ContactUs_Link" name="Loading_ContactUS_Section" time="2.295"/>
</testsuite> <!-- Test.Validate_ContactUs_Link -->
