<?xml version="1.0" encoding="UTF-8"?>
<!-- Generated by org.testng.reporters.JUnitReportReporter -->
<testsuite hostname="DESKTOP-JFB3BKU" failures="0" tests="2" name="Test.Validate_SearchBox" time="15.008" errors="0" timestamp="2025-01-24T17:16:08 IST" skipped="0">
  <testcase classname="Test.Validate_SearchBox" name="TestURL" time="5.276"/>
  <testcase classname="Test.Validate_SearchBox" name="SearchBoxFunc" time="9.732"/>
</testsuite> <!-- Test.Validate_SearchBox -->
