<?xml version="1.0" encoding="UTF-8"?>
<!-- Generated by org.testng.reporters.JUnitReportReporter -->
<testsuite hostname="DESKTOP-JFB3BKU" failures="0" tests="1" name="Test.NavigateURL" time="8.742" errors="0" timestamp="2025-01-25T22:34:50 IST" skipped="0">
  <testcase classname="Test.NavigateURL" name="TestURL" time="8.742"/>
</testsuite> <!-- Test.NavigateURL -->
