<?xml version="1.0" encoding="UTF-8"?>
<!-- Generated by org.testng.reporters.JUnitReportReporter -->
<testsuite hostname="DESKTOP-JFB3BKU" failures="0" tests="6" name="Test.Validate_CPR_Links" time="13.931" errors="0" timestamp="2025-01-25T22:34:50 IST" skipped="0">
  <testcase classname="Test.Validate_CPR_Links" name="TestURL" time="1.997"/>
  <testcase classname="Test.Validate_CPR_Links" name="Validating_Shop_Link" time="2.595"/>
  <testcase classname="Test.Validate_CPR_Links" name="Validating_Books_Link" time="3.213"/>
  <testcase classname="Test.Validate_CPR_Links" name="Validating_Cards_Link" time="2.175"/>
  <testcase classname="Test.Validate_CPR_Links" name="Validating_Rentals_Link" time="1.787"/>
  <testcase classname="Test.Validate_CPR_Links" name="Validating_CPRClasses_Link" time="2.164"/>
</testsuite> <!-- Test.Validate_CPR_Links -->
