<?xml version="1.0" encoding="UTF-8"?>
<!-- Generated by org.testng.reporters.JUnitReportReporter -->
<testsuite hostname="DESKTOP-JFB3BKU" failures="0" tests="3" name="Test.FormValidation" time="15.341" errors="0" timestamp="2025-01-24T09:58:24 IST" skipped="0">
  <testcase classname="Test.FormValidation" name="TestURL" time="5.878"/>
  <testcase classname="Test.FormValidation" name="ValidateFormFeature" time="5.608"/>
  <testcase classname="Test.FormValidation" name="Validating_Healthy_Aging_Link" time="3.855"/>
</testsuite> <!-- Test.FormValidation -->
