<?xml version="1.0" encoding="UTF-8"?>
<!-- Generated by org.testng.reporters.JUnitReportReporter -->
<testsuite hostname="DESKTOP-JFB3BKU" failures="0" tests="5" name="Test.HealthPrograms" time="21.619" errors="0" timestamp="2025-01-26T01:12:42 IST" skipped="0">
  <testcase classname="Test.HealthPrograms" name="TestURL" time="4.055"/>
  <testcase classname="Test.HealthPrograms" name="QuitTobacco" time="2.137"/>
  <testcase classname="Test.HealthPrograms" name="HEALTHY_AGING_PROGRAMS" time="3.592"/>
  <testcase classname="Test.HealthPrograms" name="HEALTH_INSURANCE" time="7.305"/>
  <testcase classname="Test.HealthPrograms" name="AHEC_SCHOLARS" time="4.530"/>
</testsuite> <!-- Test.HealthPrograms -->
