<?xml version="1.0" encoding="UTF-8"?>
<!-- Generated by org.testng.reporters.JUnitReportReporter -->
<testsuite hostname="DESKTOP-JFB3BKU" failures="0" tests="3" name="Test.CrossBrowser_Compatibility" time="94.168" errors="0" timestamp="2025-01-25T11:23:37 IST" skipped="0">
  <testcase classname="Test.CrossBrowser_Compatibility" name="ChromeTest" time="27.222"/>
  <testcase classname="Test.CrossBrowser_Compatibility" name="EdgeTest" time="32.635"/>
  <testcase classname="Test.CrossBrowser_Compatibility" name="FirefoxTest" time="34.311"/>
</testsuite> <!-- Test.CrossBrowser_Compatibility -->
