<?xml version="1.0" encoding="UTF-8"?>
<!-- Generated by org.testng.reporters.JUnitReportReporter -->
<testsuite hostname="DESKTOP-JFB3BKU" failures="0" tests="9" name="Test.CheckCartFeature" time="41.696" errors="0" timestamp="2025-01-25T13:29:01 IST" skipped="0">
  <testcase classname="Test.CheckCartFeature" name="TestURL" time="8.410"/>
  <testcase classname="Test.CheckCartFeature" name="GotoShop" time="4.239"/>
  <testcase classname="Test.CheckCartFeature" name="GotoBooks" time="7.394"/>
  <testcase classname="Test.CheckCartFeature" name="VerifyPlusButtonFunc" time="1.495"/>
  <testcase classname="Test.CheckCartFeature" name="VerifyBookdetails" time="6.891"/>
  <testcase classname="Test.CheckCartFeature" name="VerifyMinusButtonFunc" time="0.366"/>
  <testcase classname="Test.CheckCartFeature" name="Gotocart" time="11.792"/>
  <testcase classname="Test.CheckCartFeature" name="CheckCartItemCount" time="0.632"/>
  <testcase classname="Test.CheckCartFeature" name="CheckSubTotal" time="0.477"/>
</testsuite> <!-- Test.CheckCartFeature -->
