<?xml version="1.0" encoding="UTF-8"?>
<!-- Generated by org.testng.reporters.JUnitReportReporter -->
<testsuite hostname="DESKTOP-JFB3BKU" failures="0" tests="2" name="Test.Validate_NEWSPage_Link" time="4.730" errors="0" timestamp="2025-01-25T22:34:50 IST" skipped="0">
  <testcase classname="Test.Validate_NEWSPage_Link" name="TestURL" time="1.963"/>
  <testcase classname="Test.Validate_NEWSPage_Link" name="Loading_NEWS_Section" time="2.767"/>
</testsuite> <!-- Test.Validate_NEWSPage_Link -->
