<?xml version="1.0" encoding="UTF-8"?>
<!-- Generated by org.testng.reporters.JUnitReportReporter -->
<testsuite hostname="DESKTOP-JFB3BKU" failures="0" tests="2" name="Test.Validate_AccountLink" time="8.060" errors="0" timestamp="2025-01-25T22:34:50 IST" skipped="0">
  <testcase classname="Test.Validate_AccountLink" name="TestURL" time="1.433"/>
  <testcase classname="Test.Validate_AccountLink" name="Loading_AccountLink" time="6.627"/>
</testsuite> <!-- Test.Validate_AccountLink -->
