<?xml version="1.0" encoding="UTF-8"?>
<!-- Generated by org.testng.reporters.JUnitReportReporter -->
<testsuite hostname="DESKTOP-JFB3BKU" failures="0" tests="5" name="Test.Validate_Program_Section" time="21.283" errors="0" timestamp="2025-01-25T22:34:50 IST" skipped="0">
  <testcase classname="Test.Validate_Program_Section" name="TestURL" time="1.467"/>
  <testcase classname="Test.Validate_Program_Section" name="Validating_Tobacco_Link" time="2.045"/>
  <testcase classname="Test.Validate_Program_Section" name="Validating_AHECScholars_Link" time="3.726"/>
  <testcase classname="Test.Validate_Program_Section" name="Validating_Healthy_Aging_Link" time="4.285"/>
  <testcase classname="Test.Validate_Program_Section" name="Validating_Navigators_Link" time="9.760"/>
</testsuite> <!-- Test.Validate_Program_Section -->
