<?xml version="1.0" encoding="UTF-8"?>
<!-- Generated by org.testng.reporters.JUnitReportReporter -->
<testsuite hostname="DESKTOP-JFB3BKU" failures="0" tests="6" name="Test.ValidateAboutSection" time="19.539" errors="0" timestamp="2025-01-25T22:34:50 IST" skipped="0">
  <testcase classname="Test.ValidateAboutSection" name="TestURL" time="2.383"/>
  <testcase classname="Test.ValidateAboutSection" name="Validating_Board_Of_Directors_Link" time="2.881"/>
  <testcase classname="Test.ValidateAboutSection" name="Validating_Staff_Link" time="2.344"/>
  <testcase classname="Test.ValidateAboutSection" name="Validating_Partners_Link" time="3.159"/>
  <testcase classname="Test.ValidateAboutSection" name="Validating_Work_With_US_Link" time="4.046"/>
  <testcase classname="Test.ValidateAboutSection" name="Validating_History_Of_AHEC_Link" time="4.726"/>
</testsuite> <!-- Test.ValidateAboutSection -->
